AndroidStudioProjects/KASH/app/build/intermediates/manifest_merge_blame_file/release/manifest-merger-blame-release-report.txt
1<?xml version="1.0" encoding="utf-8"?>
2<manifest xmlns:android="http://schemas.android.com/apk/res/android"
3    package="com.example.kash"
4    android:versionCode="1"
5    android:versionName="1.0" >
6
7    <uses-sdk
8        android:minSdkVersion="24"
8-->src\main\AndroidManifest.xml
9        android:targetSdkVersion="29" />
9-->src\main\AndroidManifest.xml
10
11    <uses-permission android:name="android.permission.ACCESS_BACKGROUND_LOCATION" />
11-->src\main\AndroidManifest.xml:4:5-85
11-->src\main\AndroidManifest.xml:4:22-82
12    <uses-permission android:name="android.permission.ACCESS_NETWORK_STATE" />
12-->src\main\AndroidManifest.xml:5:5-79
12-->src\main\AndroidManifest.xml:5:22-76
13    <uses-permission android:name="android.permission.FOREGROUND_SERVICE" />
13-->src\main\AndroidManifest.xml:6:5-77
13-->src\main\AndroidManifest.xml:6:22-74
14    <uses-permission android:name="android.permission.ACCESS_FINE_LOCATION" />
14-->src\main\AndroidManifest.xml:7:4-78
14-->src\main\AndroidManifest.xml:7:21-75
15    <uses-permission android:name="android.permission.INTERNET" />
15-->[com.google.android.gms:play-services-maps:17.0.0] AndroidManifest.xml:24:5-67
15-->[com.google.android.gms:play-services-maps:17.0.0] AndroidManifest.xml:24:22-64
16
17    <uses-feature
17-->[com.google.android.gms:play-services-maps:17.0.0] AndroidManifest.xml:26:5-28:35
18        android:glEsVersion="0x00020000"
18-->[com.google.android.gms:play-services-maps:17.0.0] AndroidManifest.xml:27:9-41
19        android:required="true" />
19-->[com.google.android.gms:play-services-maps:17.0.0] AndroidManifest.xml:28:9-32
20
21    <uses-permission android:name="android.permission.WAKE_LOCK" /> <!-- Required by older versions of Google Play services to create IID tokens -->
21-->[com.google.android.gms:play-services-measurement-api:17.4.0] AndroidManifest.xml:24:5-68
21-->[com.google.android.gms:play-services-measurement-api:17.4.0] AndroidManifest.xml:24:22-65
22    <uses-permission android:name="com.google.android.c2dm.permission.RECEIVE" />
22-->[com.google.firebase:firebase-iid:20.1.5] AndroidManifest.xml:26:5-82
22-->[com.google.firebase:firebase-iid:20.1.5] AndroidManifest.xml:26:22-79
23    <uses-permission android:name="com.google.android.finsky.permission.BIND_GET_INSTALL_REFERRER_SERVICE" />
23-->[com.google.android.gms:play-services-measurement:17.4.0] AndroidManifest.xml:26:5-110
23-->[com.google.android.gms:play-services-measurement:17.4.0] AndroidManifest.xml:26:22-107
24
25    <application
25-->src\main\AndroidManifest.xml:9:5-69:19
26        android:allowBackup="true"
26-->src\main\AndroidManifest.xml:10:9-35
27        android:appComponentFactory="androidx.core.app.CoreComponentFactory"
27-->[androidx.core:core:1.1.0] AndroidManifest.xml:24:18-86
28        android:extractNativeLibs="false"
29        android:icon="@drawable/kashicon"
29-->src\main\AndroidManifest.xml:11:9-42
30        android:label="@string/app_name"
30-->src\main\AndroidManifest.xml:12:9-41
31        android:roundIcon="@mipmap/ic_launcher_round"
31-->src\main\AndroidManifest.xml:13:9-54
32        android:supportsRtl="true"
32-->src\main\AndroidManifest.xml:14:9-35
33        android:theme="@style/AppTheme" >
33-->src\main\AndroidManifest.xml:15:9-40
34        <activity android:name="com.example.kash.emergency_contact" />
34-->src\main\AndroidManifest.xml:17:9-55
34-->src\main\AndroidManifest.xml:17:19-52
35        <activity android:name="com.example.kash.update_profile" />
35-->src\main\AndroidManifest.xml:18:9-52
35-->src\main\AndroidManifest.xml:18:19-49
36        <!--
37             The API key for Google Maps-based APIs is defined as a string resource.
38             (See the file "res/values/google_maps_api.xml").
39             Note that the API key is linked to the encryption key used to sign the APK.
40             You need a different API key for each encryption key, including the release key that is used to
41             sign the APK for publishing.
42             You can define the keys for the debug and release targets in src/debug/ and src/release/.
43        -->
44        <activity
44-->src\main\AndroidManifest.xml:27:9-29:65
45            android:name="com.example.kash.Test_MapsActivity"
45-->src\main\AndroidManifest.xml:28:13-46
46            android:label="@string/title_activity_test__maps" />
46-->src\main\AndroidManifest.xml:29:13-62
47        <activity android:name="com.example.kash.settings" />
47-->src\main\AndroidManifest.xml:30:9-46
47-->src\main\AndroidManifest.xml:30:19-43
48        <activity android:name="com.example.kash.login_worker" />
48-->src\main\AndroidManifest.xml:31:9-50
48-->src\main\AndroidManifest.xml:31:19-47
49        <activity android:name="com.example.kash.login_global" />
49-->src\main\AndroidManifest.xml:32:9-50
49-->src\main\AndroidManifest.xml:32:19-47
50        <activity android:name="com.example.kash.patient_num" />
50-->src\main\AndroidManifest.xml:33:9-49
50-->src\main\AndroidManifest.xml:33:19-46
51        <activity android:name="com.example.kash.confirm" />
51-->src\main\AndroidManifest.xml:34:9-45
51-->src\main\AndroidManifest.xml:34:19-42
52        <activity android:name="com.example.kash.mark_worker" />
52-->src\main\AndroidManifest.xml:35:9-49
52-->src\main\AndroidManifest.xml:35:19-46
53        <activity
53-->src\main\AndroidManifest.xml:36:9-38:64
54            android:name="com.example.kash.UserMapsActivity"
54-->src\main\AndroidManifest.xml:37:13-45
55            android:label="@string/title_activity_user_maps" />
55-->src\main\AndroidManifest.xml:38:13-61
56        <activity android:name="com.example.kash.profile" />
56-->src\main\AndroidManifest.xml:39:9-45
56-->src\main\AndroidManifest.xml:39:19-42
57        <!--
58             The API key for Google Maps-based APIs is defined as a string resource.
59             (See the file "res/values/google_maps_api.xml").
60             Note that the API key is linked to the encryption key used to sign the APK.
61             You need a different API key for each encryption key, including the release key that is used to
62             sign the APK for publishing.
63             You can define the keys for the debug and release targets in src/debug/ and src/release/.
64        -->
65        <activity android:name="com.example.kash.checking" />
65-->src\main\AndroidManifest.xml:48:9-46
65-->src\main\AndroidManifest.xml:48:19-43
66        <activity android:name="com.example.kash.home" />
66-->src\main\AndroidManifest.xml:49:9-42
66-->src\main\AndroidManifest.xml:49:19-39
67        <activity android:name="com.example.kash.verify_phone" />
67-->src\main\AndroidManifest.xml:50:9-50
67-->src\main\AndroidManifest.xml:50:19-47
68        <activity android:name="com.example.kash.user_verification" />
68-->src\main\AndroidManifest.xml:51:9-55
68-->src\main\AndroidManifest.xml:51:19-52
69        <activity android:name="com.example.kash.login_user" />
69-->src\main\AndroidManifest.xml:52:9-48
69-->src\main\AndroidManifest.xml:52:19-45
70        <activity android:name="com.example.kash.MainActivity" >
70-->src\main\AndroidManifest.xml:53:9-59:20
70-->src\main\AndroidManifest.xml:53:19-47
71            <intent-filter>
71-->src\main\AndroidManifest.xml:54:13-58:29
72                <action android:name="android.intent.action.MAIN" />
72-->src\main\AndroidManifest.xml:55:17-69
72-->src\main\AndroidManifest.xml:55:25-66
73
74                <category android:name="android.intent.category.LAUNCHER" />
74-->src\main\AndroidManifest.xml:57:17-77
74-->src\main\AndroidManifest.xml:57:27-74
75            </intent-filter>
76        </activity>
77
78        <meta-data
78-->src\main\AndroidManifest.xml:61:9-63:55
79            android:name="com.google.android.geo.API_KEY"
79-->src\main\AndroidManifest.xml:62:13-58
80            android:value="@string/google_maps_key" />
80-->src\main\AndroidManifest.xml:63:13-52
81
82        <service
82-->src\main\AndroidManifest.xml:65:9-68:39
83            android:name="com.example.kash.Location_Services"
83-->src\main\AndroidManifest.xml:66:13-46
84            android:enabled="true"
84-->src\main\AndroidManifest.xml:67:13-35
85            android:exported="true" />
85-->src\main\AndroidManifest.xml:68:13-36
86
87        <activity
87-->[com.google.firebase:firebase-auth:19.3.1] AndroidManifest.xml:24:9-31:50
88            android:name="com.google.firebase.auth.internal.FederatedSignInActivity"
88-->[com.google.firebase:firebase-auth:19.3.1] AndroidManifest.xml:25:13-85
89            android:excludeFromRecents="true"
89-->[com.google.firebase:firebase-auth:19.3.1] AndroidManifest.xml:26:13-46
90            android:exported="true"
90-->[com.google.firebase:firebase-auth:19.3.1] AndroidManifest.xml:27:13-36
91            android:launchMode="singleTask"
91-->[com.google.firebase:firebase-auth:19.3.1] AndroidManifest.xml:28:13-44
92            android:permission="com.google.firebase.auth.api.gms.permission.LAUNCH_FEDERATED_SIGN_IN"
92-->[com.google.firebase:firebase-auth:19.3.1] AndroidManifest.xml:29:13-102
93            android:theme="@android:style/Theme.Translucent.NoTitleBar" />
93-->[com.google.firebase:firebase-auth:19.3.1] AndroidManifest.xml:30:13-72
94
95        <service
95-->[com.google.firebase:firebase-auth:19.3.1] AndroidManifest.xml:33:9-39:19
96            android:name="com.google.firebase.components.ComponentDiscoveryService"
96-->[com.google.firebase:firebase-auth:19.3.1] AndroidManifest.xml:34:13-84
97            android:directBootAware="true"
97-->[com.google.firebase:firebase-common:19.3.0] AndroidManifest.xml:34:13-43
98            android:exported="false" >
98-->[com.google.firebase:firebase-auth:19.3.1] AndroidManifest.xml:35:13-37
99            <meta-data
99-->[com.google.firebase:firebase-auth:19.3.1] AndroidManifest.xml:36:13-38:85
100                android:name="com.google.firebase.components:com.google.firebase.auth.FirebaseAuthRegistrar"
100-->[com.google.firebase:firebase-auth:19.3.1] AndroidManifest.xml:37:17-109
101                android:value="com.google.firebase.components.ComponentRegistrar" />
101-->[com.google.firebase:firebase-auth:19.3.1] AndroidManifest.xml:38:17-82
102            <meta-data
102-->[com.google.firebase:firebase-database:19.3.0] AndroidManifest.xml:32:13-34:85
103                android:name="com.google.firebase.components:com.google.firebase.database.DatabaseRegistrar"
103-->[com.google.firebase:firebase-database:19.3.0] AndroidManifest.xml:33:17-109
104                android:value="com.google.firebase.components.ComponentRegistrar" />
104-->[com.google.firebase:firebase-database:19.3.0] AndroidManifest.xml:34:17-82
105            <meta-data
105-->[com.google.android.gms:play-services-measurement-api:17.4.0] AndroidManifest.xml:30:13-32:85
106                android:name="com.google.firebase.components:com.google.firebase.analytics.connector.internal.AnalyticsConnectorRegistrar"
106-->[com.google.android.gms:play-services-measurement-api:17.4.0] AndroidManifest.xml:31:17-139
107                android:value="com.google.firebase.components.ComponentRegistrar" />
107-->[com.google.android.gms:play-services-measurement-api:17.4.0] AndroidManifest.xml:32:17-82
108            <meta-data
108-->[com.google.firebase:firebase-iid:20.1.5] AndroidManifest.xml:32:13-34:85
109                android:name="com.google.firebase.components:com.google.firebase.iid.Registrar"
109-->[com.google.firebase:firebase-iid:20.1.5] AndroidManifest.xml:33:17-96
110                android:value="com.google.firebase.components.ComponentRegistrar" />
110-->[com.google.firebase:firebase-iid:20.1.5] AndroidManifest.xml:34:17-82
111            <meta-data
111-->[com.google.firebase:firebase-installations:16.2.1] AndroidManifest.xml:17:13-19:85
112                android:name="com.google.firebase.components:com.google.firebase.installations.FirebaseInstallationsRegistrar"
112-->[com.google.firebase:firebase-installations:16.2.1] AndroidManifest.xml:18:17-127
113                android:value="com.google.firebase.components.ComponentRegistrar" />
113-->[com.google.firebase:firebase-installations:16.2.1] AndroidManifest.xml:19:17-82
114        </service> <!-- Needs to be explicitly declared on P+ -->
115        <uses-library
115-->[com.google.android.gms:play-services-maps:17.0.0] AndroidManifest.xml:33:9-35:40
116            android:name="org.apache.http.legacy"
116-->[com.google.android.gms:play-services-maps:17.0.0] AndroidManifest.xml:34:13-50
117            android:required="false" />
117-->[com.google.android.gms:play-services-maps:17.0.0] AndroidManifest.xml:35:13-37
118
119        <receiver
119-->[com.google.firebase:firebase-iid:20.1.5] AndroidManifest.xml:37:9-44:20
120            android:name="com.google.firebase.iid.FirebaseInstanceIdReceiver"
120-->[com.google.firebase:firebase-iid:20.1.5] AndroidManifest.xml:38:13-78
121            android:exported="true"
121-->[com.google.firebase:firebase-iid:20.1.5] AndroidManifest.xml:39:13-36
122            android:permission="com.google.android.c2dm.permission.SEND" >
122-->[com.google.firebase:firebase-iid:20.1.5] AndroidManifest.xml:40:13-73
123            <intent-filter>
123-->[com.google.firebase:firebase-iid:20.1.5] AndroidManifest.xml:41:13-43:29
124                <action android:name="com.google.android.c2dm.intent.RECEIVE" />
124-->[com.google.firebase:firebase-iid:20.1.5] AndroidManifest.xml:42:17-81
124-->[com.google.firebase:firebase-iid:20.1.5] AndroidManifest.xml:42:25-78
125            </intent-filter>
126        </receiver>
127
128        <activity
128-->[com.google.android.gms:play-services-base:17.1.0] AndroidManifest.xml:23:9-26:75
129            android:name="com.google.android.gms.common.api.GoogleApiActivity"
129-->[com.google.android.gms:play-services-base:17.1.0] AndroidManifest.xml:24:13-79
130            android:exported="false"
130-->[com.google.android.gms:play-services-base:17.1.0] AndroidManifest.xml:25:13-37
131            android:theme="@android:style/Theme.Translucent.NoTitleBar" />
131-->[com.google.android.gms:play-services-base:17.1.0] AndroidManifest.xml:26:13-72
132
133        <provider
133-->[com.google.firebase:firebase-common:19.3.0] AndroidManifest.xml:26:9-30:39
134            android:name="com.google.firebase.provider.FirebaseInitProvider"
134-->[com.google.firebase:firebase-common:19.3.0] AndroidManifest.xml:27:13-77
135            android:authorities="com.example.kash.firebaseinitprovider"
135-->[com.google.firebase:firebase-common:19.3.0] AndroidManifest.xml:28:13-72
136            android:exported="false"
136-->[com.google.firebase:firebase-common:19.3.0] AndroidManifest.xml:29:13-37
137            android:initOrder="100" />
137-->[com.google.firebase:firebase-common:19.3.0] AndroidManifest.xml:30:13-36
138
139        <receiver
139-->[com.google.android.gms:play-services-measurement:17.4.0] AndroidManifest.xml:29:9-33:20
140            android:name="com.google.android.gms.measurement.AppMeasurementReceiver"
140-->[com.google.android.gms:play-services-measurement:17.4.0] AndroidManifest.xml:30:13-85
141            android:enabled="true"
141-->[com.google.android.gms:play-services-measurement:17.4.0] AndroidManifest.xml:31:13-35
142            android:exported="false" >
142-->[com.google.android.gms:play-services-measurement:17.4.0] AndroidManifest.xml:32:13-37
143        </receiver>
144
145        <service
145-->[com.google.android.gms:play-services-measurement:17.4.0] AndroidManifest.xml:35:9-38:40
146            android:name="com.google.android.gms.measurement.AppMeasurementService"
146-->[com.google.android.gms:play-services-measurement:17.4.0] AndroidManifest.xml:36:13-84
147            android:enabled="true"
147-->[com.google.android.gms:play-services-measurement:17.4.0] AndroidManifest.xml:37:13-35
148            android:exported="false" />
148-->[com.google.android.gms:play-services-measurement:17.4.0] AndroidManifest.xml:38:13-37
149        <service
149-->[com.google.android.gms:play-services-measurement:17.4.0] AndroidManifest.xml:39:9-43:72
150            android:name="com.google.android.gms.measurement.AppMeasurementJobService"
150-->[com.google.android.gms:play-services-measurement:17.4.0] AndroidManifest.xml:40:13-87
151            android:enabled="true"
151-->[com.google.android.gms:play-services-measurement:17.4.0] AndroidManifest.xml:41:13-35
152            android:exported="false"
152-->[com.google.android.gms:play-services-measurement:17.4.0] AndroidManifest.xml:42:13-37
153            android:permission="android.permission.BIND_JOB_SERVICE" />
153-->[com.google.android.gms:play-services-measurement:17.4.0] AndroidManifest.xml:43:13-69
154
155        <meta-data
155-->[com.google.android.gms:play-services-basement:17.0.0] AndroidManifest.xml:23:9-25:69
156            android:name="com.google.android.gms.version"
156-->[com.google.android.gms:play-services-basement:17.0.0] AndroidManifest.xml:24:13-58
157            android:value="@integer/google_play_services_version" />
157-->[com.google.android.gms:play-services-basement:17.0.0] AndroidManifest.xml:25:13-66
158    </application>
159
160</manifest>